<?xml version="1.0" encoding="UTF-8"?>
<!-- Generated by org.testng.reporters.JUnitReportReporter -->
<testsuite skipped="0" hostname="LAPTOP-OO14C4N6" name="wattpadtest.ReadABook" tests="4" failures="0" timestamp="28 Nov 2018 22:57:01 GMT" time="7.014" errors="0">
  <testcase name="clickOnLoginButton" time="0.232" classname="wattpadtest.ReadABook"/>
  <testcase name="testLoginWithValidCredentials" time="3.869" classname="wattpadtest.ReadABook"/>
  <testcase name="clickOnProfile" time="0.440" classname="wattpadtest.ReadABook"/>
  <testcase name="readBook" time="2.473" classname="wattpadtest.ReadABook"/>
</testsuite> <!-- wattpadtest.ReadABook -->
